<?xml version="1.0" encoding="UTF-8"?>
<!-- Generated by org.testng.reporters.JUnitXMLReporter -->
<testsuite hostname="Vishaal-PC" ignored="0" name="Test" tests="3" failures="0" timestamp="08 Mar 2020 06:04:11 GMT" time="41.184" errors="0">
  <testcase name="test1" time="14.686" classname="samplePackage.FirstMavenClass"/>
  <testcase name="test2" time="0.001" classname="samplePackage.SecondMavenProgram"/>
  <testcase name="test1" time="26.455" classname="samplePackage.ThirdMavenProgram"/>
</testsuite> <!-- Test -->
